250
Accuracy:  0.664341984108038
[[5074    5   37    9    2   74  279    0   72    8]
 [  54 3054  561   98  143   29 1465    5  490  756]
 [  28   13 5442  191    5    5  116   50   30    8]
 [  16    2 2387 3075   17   43   39   48   17  175]
 [  29    1   13   26 4751    1  350   10    7  534]
 [  22    3 1134  945  163 2511  372   70  185  134]
 [  70   27   28    0    8  161 5311    0  253    0]
 [   0   42   61 1908  158    7    7 2727   26 1161]
 [1195   31  365  101   92   32  317   26 2325 1211]
 [ 149   17   64  217  548    3   25   84   15 4691]]
              precision    recall  f1-score   support

           0       0.76      0.91      0.83      5560
           1       0.96      0.46      0.62      6655
           2       0.54      0.92      0.68      5888
           3       0.47      0.53      0.50      5819
           4       0.81      0.83      0.82      5722
           5       0.88      0.45      0.60      5539
           6       0.64      0.91      0.75      5858
           7       0.90      0.45      0.60      6097
           8       0.68      0.41      0.51      5695
           9       0.54      0.81      0.65      5813

    accuracy                           0.66     58646
   macro avg       0.72      0.67      0.66     58646
weighted avg       0.72      0.66      0.65     58646


real	0m5,147s
user	0m7,232s
sys	0m3,468s
500
Accuracy:  0.7449442417215155
[[5290    2   27   10    6   49  149    0   18    9]
 [  56 2897  518  158  415   23 1339   17  657  575]
 [  23    6 5411  235   12    3   75  113    6    4]
 [  14    2  555 4842  103   55    7  193    8   40]
 [  19    3   18   13 5218    0  227   11   13  200]
 [  21   11  407 1198  280 3152  111   71  166  122]
 [  74   39    5    1    8  166 5413    0  152    0]
 [   0   16   88  361  311    1    1 4611   16  692]
 [1177   29  324  115  335   46  216   45 2233 1175]
 [  73   12   15  222  639    9   10  193   19 4621]]
              precision    recall  f1-score   support

           0       0.78      0.95      0.86      5560
           1       0.96      0.44      0.60      6655
           2       0.73      0.92      0.82      5888
           3       0.68      0.83      0.75      5819
           4       0.71      0.91      0.80      5722
           5       0.90      0.57      0.70      5539
           6       0.72      0.92      0.81      5858
           7       0.88      0.76      0.81      6097
           8       0.68      0.39      0.50      5695
           9       0.62      0.79      0.70      5813

    accuracy                           0.74     58646
   macro avg       0.77      0.75      0.73     58646
weighted avg       0.77      0.74      0.73     58646


real	0m5,497s
user	0m8,277s
sys	0m3,926s
750
Accuracy:  0.7572383453261945
[[5279    2   44   35    4   27  133    0   23   13]
 [ 134 2874 1330  180  133    8  428  140  646  782]
 [  19    5 5358  237   13    2   41  192   20    1]
 [  13    3  716 4436   65   43    6  470    8   59]
 [  22    3  102    1 5182    0  179   20   11  202]
 [  19   11  506 1198  260 3165   95   77  120   88]
 [  74   30   34    1    8  173 5422    0  116    0]
 [   0   16   91   70  391    2    0 5062   17  448]
 [ 712   28  425   93  253   29  150  138 3013  854]
 [  47   12   61  166  588    3    2  289   27 4618]]
              precision    recall  f1-score   support

           0       0.84      0.95      0.89      5560
           1       0.96      0.43      0.60      6655
           2       0.62      0.91      0.74      5888
           3       0.69      0.76      0.73      5819
           4       0.75      0.91      0.82      5722
           5       0.92      0.57      0.70      5539
           6       0.84      0.93      0.88      5858
           7       0.79      0.83      0.81      6097
           8       0.75      0.53      0.62      5695
           9       0.65      0.79      0.72      5813

    accuracy                           0.76     58646
   macro avg       0.78      0.76      0.75     58646
weighted avg       0.78      0.76      0.75     58646


real	0m5,804s
user	0m9,551s
sys	0m4,505s
1000
Accuracy:  0.7918187088633496
[[5279    2   40   51   13   22  122    0   20   11]
 [  48 3155 1372  142   71   14  583   95  455  720]
 [  18    5 5460  189   10    3   37  136   22    8]
 [  12    3  526 4534   47   62    3  421   12  199]
 [  22    3   68    2 5156    0  166   21   12  272]
 [  12   11  236  396  149 4300   71   49  118  197]
 [  75   28   18    1   26  109 5484    0  117    0]
 [   0   16   92   54  228    2    0 4748   22  935]
 [ 604   30  370   57  194   75  152   71 3124 1018]
 [  36   14   44  157  177    5    4  153   26 5197]]
              precision    recall  f1-score   support

           0       0.86      0.95      0.91      5560
           1       0.97      0.47      0.64      6655
           2       0.66      0.93      0.77      5888
           3       0.81      0.78      0.80      5819
           4       0.85      0.90      0.87      5722
           5       0.94      0.78      0.85      5539
           6       0.83      0.94      0.88      5858
           7       0.83      0.78      0.81      6097
           8       0.80      0.55      0.65      5695
           9       0.61      0.89      0.72      5813

    accuracy                           0.79     58646
   macro avg       0.82      0.80      0.79     58646
weighted avg       0.82      0.79      0.79     58646


real	0m6,189s
user	0m10,271s
sys	0m4,968s
2000
Accuracy:  0.8668451386283804
[[5334    2   14   49   14    2  111    0   29    5]
 [  15 5242  204  334   53    9  303   94  157  244]
 [  16   10 5449  267    5    1   32   92   14    2]
 [   6    4   72 5389    2   45    4  233   31   33]
 [  19    9   44   25 5159    0  154   16    7  289]
 [   9    8   26 1009   67 4157   64   32   81   86]
 [  35   24    4    6   17   76 5604    0   92    0]
 [   2   17   73  178  123    2    2 4870   14  816]
 [ 196   31   51  248   80   43   94   51 4553  348]
 [  29   22   16  266  187    2    7  176   28 5080]]
              precision    recall  f1-score   support

           0       0.94      0.96      0.95      5560
           1       0.98      0.79      0.87      6655
           2       0.92      0.93      0.92      5888
           3       0.69      0.93      0.79      5819
           4       0.90      0.90      0.90      5722
           5       0.96      0.75      0.84      5539
           6       0.88      0.96      0.92      5858
           7       0.88      0.80      0.84      6097
           8       0.91      0.80      0.85      5695
           9       0.74      0.87      0.80      5813

    accuracy                           0.87     58646
   macro avg       0.88      0.87      0.87     58646
weighted avg       0.88      0.87      0.87     58646


real	0m7,914s
user	0m14,357s
sys	0m6,861s
3000
Accuracy:  0.89010333185554
[[5367    3    7   34   17   16   74    1   38    3]
 [  16 5756  186  159   44    6  208   66  140   74]
 [  18   20 5345  375    8    2   24   79   16    1]
 [   5    6   29 5443    5   57    4  210   30   30]
 [  17   19   37    3 5200    0  148   28    6  264]
 [  12   13   14  645   62 4550   50   35   79   79]
 [  39   29    4    1   17  104 5604    0   60    0]
 [   2   26   71  179  120    1    1 5036   16  645]
 [ 136   90   44  140   80   36   88   43 4813  225]
 [  12   26   18  215  175    7    6  238   29 5087]]
              precision    recall  f1-score   support

           0       0.95      0.97      0.96      5560
           1       0.96      0.86      0.91      6655
           2       0.93      0.91      0.92      5888
           3       0.76      0.94      0.84      5819
           4       0.91      0.91      0.91      5722
           5       0.95      0.82      0.88      5539
           6       0.90      0.96      0.93      5858
           7       0.88      0.83      0.85      6097
           8       0.92      0.85      0.88      5695
           9       0.79      0.88      0.83      5813

    accuracy                           0.89     58646
   macro avg       0.90      0.89      0.89     58646
weighted avg       0.90      0.89      0.89     58646


real	0m9,554s
user	0m17,368s
sys	0m11,059s
4000
Accuracy:  0.8937864474985506
[[5323    3    7   89   21    3   82    3   29    0]
 [  18 5781  179  131   32   10  216   92  149   47]
 [  19   21 5442  270    5    3   29   72   25    2]
 [   4    7   24 5518    6   44    3  165   21   27]
 [  16   20   38    3 5152    0  148   34   13  298]
 [  13   11   21  626   49 4570   46   39   88   76]
 [  38   27    2    2   18   99 5609    0   63    0]
 [   1   27   60  169  174    1    1 5093   59  512]
 [ 148   77   54  146   74   30   81   42 4862  181]
 [  12   25   14  219  156    7    5  276   32 5067]]
              precision    recall  f1-score   support

           0       0.95      0.96      0.95      5560
           1       0.96      0.87      0.91      6655
           2       0.93      0.92      0.93      5888
           3       0.77      0.95      0.85      5819
           4       0.91      0.90      0.90      5722
           5       0.96      0.83      0.89      5539
           6       0.90      0.96      0.93      5858
           7       0.88      0.84      0.86      6097
           8       0.91      0.85      0.88      5695
           9       0.82      0.87      0.84      5813

    accuracy                           0.89     58646
   macro avg       0.90      0.89      0.89     58646
weighted avg       0.90      0.89      0.89     58646


real	0m10,977s
user	0m21,782s
sys	0m14,008s
5000
Accuracy:  0.8977594379838352
[[5423    5    0   30    9    2   65    2   24    0]
 [   5 5752  188  123   43    7  184   72  184   97]
 [  18   16 5427  306    4    2   26   62   24    3]
 [   6    7   23 5564    8   43    4  112   20   32]
 [  14   11   37    3 5217    0  152   21   14  253]
 [  10   10    9  619   46 4538   59   41  128   79]
 [  41   17    3    1   16   94 5600    0   86    0]
 [   1   23   59  172  182    1    1 5065   46  547]
 [ 152   60   49  157   72   26   87   42 4871  179]
 [  12   15   14  214  145    2    8  180   30 5193]]
              precision    recall  f1-score   support

           0       0.95      0.98      0.96      5560
           1       0.97      0.86      0.92      6655
           2       0.93      0.92      0.93      5888
           3       0.77      0.96      0.86      5819
           4       0.91      0.91      0.91      5722
           5       0.96      0.82      0.89      5539
           6       0.91      0.96      0.93      5858
           7       0.90      0.83      0.87      6097
           8       0.90      0.86      0.88      5695
           9       0.81      0.89      0.85      5813

    accuracy                           0.90     58646
   macro avg       0.90      0.90      0.90     58646
weighted avg       0.90      0.90      0.90     58646


real	0m12,544s
user	0m24,218s
sys	0m18,131s
6000
Accuracy:  0.9204378815264468
[[5438    5    1   22    7    1   57    3   26    0]
 [   2 5958  170  129   58    4   82   76  114   62]
 [  20   14 5449  299    6    2   19   51   25    3]
 [   6    7   19 5598    6   36    3  109   17   18]
 [  13    9   26    4 5309    0  157   25   13  166]
 [   8    6    8  579   36 4612   52   33  133   72]
 [  43   17    3    0   12  101 5580    0  102    0]
 [   1   23   56  103   78    1    1 5732   21   81]
 [  55   50   44  125   54   20   66   36 5067  178]
 [  13   15   13  157  161    6    7  174   30 5237]]
              precision    recall  f1-score   support

           0       0.97      0.98      0.97      5560
           1       0.98      0.90      0.93      6655
           2       0.94      0.93      0.93      5888
           3       0.80      0.96      0.87      5819
           4       0.93      0.93      0.93      5722
           5       0.96      0.83      0.89      5539
           6       0.93      0.95      0.94      5858
           7       0.92      0.94      0.93      6097
           8       0.91      0.89      0.90      5695
           9       0.90      0.90      0.90      5813

    accuracy                           0.92     58646
   macro avg       0.92      0.92      0.92     58646
weighted avg       0.92      0.92      0.92     58646


real	0m14,066s
user	0m28,379s
sys	0m20,888s
7000
Accuracy:  0.9269856426695768
[[5438    4    1   22    6    1   41    3   44    0]
 [   2 6021  156  115   59    6   69   72   95   60]
 [  16   13 5492  245    3    1   14   76   26    2]
 [   5    8   24 5614    2   43    1   82   22   18]
 [  13    8   27    5 5328    0  144   24   27  146]
 [   7    6    7  586   18 4633   52   18  159   53]
 [  41   14    3    0    8   59 5664    0   69    0]
 [   2   20   37  127   61    1    0 5753   11   85]
 [  46   40   46  105   47   21   55   37 5143  155]
 [  12   11   21  126  164    5    8  136   52 5278]]
              precision    recall  f1-score   support

           0       0.97      0.98      0.98      5560
           1       0.98      0.90      0.94      6655
           2       0.94      0.93      0.94      5888
           3       0.81      0.96      0.88      5819
           4       0.94      0.93      0.93      5722
           5       0.97      0.84      0.90      5539
           6       0.94      0.97      0.95      5858
           7       0.93      0.94      0.94      6097
           8       0.91      0.90      0.91      5695
           9       0.91      0.91      0.91      5813

    accuracy                           0.93     58646
   macro avg       0.93      0.93      0.93     58646
weighted avg       0.93      0.93      0.93     58646


real	0m15,424s
user	0m33,920s
sys	0m24,528s
8000
Accuracy:  0.9308733758483102
[[5451    3    1   16    5    2   37    3   41    1]
 [   1 6033  185  116   63    4   44   69   73   67]
 [  16   10 5556  197    3    1   14   69   20    2]
 [   5    4   21 5634    1   50    1   63   19   21]
 [  13   13   25    7 5316    0  141   22   17  168]
 [   8    4   12  568   10 4692   47   14  111   73]
 [  28   11    4    3    8   51 5701    0   52    0]
 [   2   20   38  133   66    1    0 5729   10   98]
 [  45   26   45  108   44   31   55   29 5121  191]
 [  12    9   23  109  124    6   10  131   30 5359]]
              precision    recall  f1-score   support

           0       0.98      0.98      0.98      5560
           1       0.98      0.91      0.94      6655
           2       0.94      0.94      0.94      5888
           3       0.82      0.97      0.89      5819
           4       0.94      0.93      0.94      5722
           5       0.97      0.85      0.90      5539
           6       0.94      0.97      0.96      5858
           7       0.93      0.94      0.94      6097
           8       0.93      0.90      0.92      5695
           9       0.90      0.92      0.91      5813

    accuracy                           0.93     58646
   macro avg       0.93      0.93      0.93     58646
weighted avg       0.93      0.93      0.93     58646


real	0m17,944s
user	0m36,170s
sys	0m27,598s
9000
Accuracy:  0.9345564914913208
[[5469    3    1   16    5    2   25    2   36    1]
 [   0 6079  165  113   61    2   38   72   61   64]
 [  15   15 5593  167    3    1   14   59   19    2]
 [   4    3   25 5638    1   51    1   60   17   19]
 [  13   14   16    4 5313    0  136   21   16  189]
 [   9    4   11  584    7 4718   44   12   93   57]
 [  37   11    4    3    8   49 5700    0   46    0]
 [   1   27   42  129   69    1    0 5729    8   91]
 [  39   25   47   99   31   26   56   30 5166  176]
 [  17    9   23  108   83    7    8  126   29 5403]]
              precision    recall  f1-score   support

           0       0.98      0.98      0.98      5560
           1       0.98      0.91      0.95      6655
           2       0.94      0.95      0.95      5888
           3       0.82      0.97      0.89      5819
           4       0.95      0.93      0.94      5722
           5       0.97      0.85      0.91      5539
           6       0.95      0.97      0.96      5858
           7       0.94      0.94      0.94      6097
           8       0.94      0.91      0.92      5695
           9       0.90      0.93      0.91      5813

    accuracy                           0.93     58646
   macro avg       0.94      0.93      0.93     58646
weighted avg       0.94      0.93      0.93     58646


real	0m18,195s
user	0m38,724s
sys	0m30,453s
10000
Accuracy:  0.9382225556730212
[[5476    3    2   16    4    2   24    2   30    1]
 [   0 6121  167  116   57    4   35   62   34   59]
 [  14   14 5607  161    3    1   15   51   20    2]
 [   4    3   26 5645    2   52    1   52   18   16]
 [  15   13   15    5 5307    2  130   22   11  202]
 [  10    4   11  499    4 4835   39   13   81   43]
 [  33   11    5    2    3   45 5719    0   40    0]
 [   1   28   47  122   60    1    0 5755    7   76]
 [  39   25   51  112   33   35   48   30 5155  167]
 [  19   10   22  111   79    6    8  129   26 5403]]
              precision    recall  f1-score   support

           0       0.98      0.98      0.98      5560
           1       0.98      0.92      0.95      6655
           2       0.94      0.95      0.95      5888
           3       0.83      0.97      0.90      5819
           4       0.96      0.93      0.94      5722
           5       0.97      0.87      0.92      5539
           6       0.95      0.98      0.96      5858
           7       0.94      0.94      0.94      6097
           8       0.95      0.91      0.93      5695
           9       0.91      0.93      0.92      5813

    accuracy                           0.94     58646
   macro avg       0.94      0.94      0.94     58646
weighted avg       0.94      0.94      0.94     58646


real	0m19,882s
user	0m42,584s
sys	0m34,877s
11000
Accuracy:  0.9381031954438496
[[5476    3    2   16    4    2   23    2   31    1]
 [   0 6109  171  115   56    5   37   65   35   62]
 [  13   14 5606  161    2    1   15   52   22    2]
 [   4    4   27 5640    2   51    1   56   18   16]
 [  13   13   16    5 5308    2  132   21   12  200]
 [  10    4   11  494    4 4827   40   13   88   48]
 [  33   10    5    2    3   45 5717    0   43    0]
 [   1   19   44  123   54    1    0 5772    7   76]
 [  38   26   49  114   34   34   46   30 5159  165]
 [  18    9   22  111   80    6    8  128   29 5402]]
              precision    recall  f1-score   support

           0       0.98      0.98      0.98      5560
           1       0.98      0.92      0.95      6655
           2       0.94      0.95      0.95      5888
           3       0.83      0.97      0.90      5819
           4       0.96      0.93      0.94      5722
           5       0.97      0.87      0.92      5539
           6       0.95      0.98      0.96      5858
           7       0.94      0.95      0.94      6097
           8       0.95      0.91      0.93      5695
           9       0.90      0.93      0.92      5813

    accuracy                           0.94     58646
   macro avg       0.94      0.94      0.94     58646
weighted avg       0.94      0.94      0.94     58646


real	0m21,501s
user	0m45,009s
sys	0m37,344s
12000
Accuracy:  0.9386658936670873
[[5475    3    3   16    4    2   23    1   32    1]
 [   0 6113  155  128   56    5   37   65   34   62]
 [  10   13 5605  155    4    1   18   54   26    2]
 [   4    4   26 5630    2   60    1   53   22   17]
 [  13   13   17    5 5310    2  129   22   12  199]
 [  10    5    9  431    3 4891   41   12   85   52]
 [  32   10    5    2    4   43 5717    0   45    0]
 [   1   19   46  123   53    1    0 5767    6   81]
 [  33   26   45  119   34   40   50   30 5150  168]
 [  17   10   22  114   84    7    8  129   31 5391]]
              precision    recall  f1-score   support

           0       0.98      0.98      0.98      5560
           1       0.98      0.92      0.95      6655
           2       0.94      0.95      0.95      5888
           3       0.84      0.97      0.90      5819
           4       0.96      0.93      0.94      5722
           5       0.97      0.88      0.92      5539
           6       0.95      0.98      0.96      5858
           7       0.94      0.95      0.94      6097
           8       0.95      0.90      0.92      5695
           9       0.90      0.93      0.91      5813

    accuracy                           0.94     58646
   macro avg       0.94      0.94      0.94     58646
weighted avg       0.94      0.94      0.94     58646


real	0m22,393s
user	0m50,320s
sys	0m41,550s
13000
Accuracy:  0.9386999965897077
[[5469    3    4   16    6    2   23    1   34    2]
 [   0 6114  163  123   56    5   38   65   34   57]
 [  11   12 5603  154    4    3   19   54   26    2]
 [   4    3   25 5633    2   58    1   53   23   17]
 [  12   13   16    5 5310    2  130   23   13  198]
 [  10    5    9  428    4 4898   40   13   81   51]
 [  32   10    5    2    4   48 5711    0   46    0]
 [   1   20   46  119   53    1    0 5772    6   79]
 [  34   30   39  118   36   40   53   28 5153  164]
 [  13   12   24  112   84    8    8  129   35 5388]]
              precision    recall  f1-score   support

           0       0.98      0.98      0.98      5560
           1       0.98      0.92      0.95      6655
           2       0.94      0.95      0.95      5888
           3       0.84      0.97      0.90      5819
           4       0.96      0.93      0.94      5722
           5       0.97      0.88      0.92      5539
           6       0.95      0.97      0.96      5858
           7       0.94      0.95      0.94      6097
           8       0.95      0.90      0.92      5695
           9       0.90      0.93      0.92      5813

    accuracy                           0.94     58646
   macro avg       0.94      0.94      0.94     58646
weighted avg       0.94      0.94      0.94     58646


real	0m23,999s
user	0m54,849s
sys	0m44,234s
14000
Accuracy:  0.9381543498277802
[[5469    3    3   17    6    2   24    2   32    2]
 [   0 6100  173  118   52    5   46   69   37   55]
 [  10   12 5613  148    4    3   16   54   26    2]
 [   4    4   20 5638    2   57    2   53   22   17]
 [  11   12   19    5 5302    2  130   24   16  201]
 [  10    5   10  423    3 4900   41   15   83   49]
 [  31    9    4    4    5   47 5711    0   47    0]
 [   1   21   45  119   56    1    1 5766    7   80]
 [  39   31   41  129   35   37   53   28 5137  165]
 [  11   13   21  114   80    7    8  141   35 5383]]
              precision    recall  f1-score   support

           0       0.98      0.98      0.98      5560
           1       0.98      0.92      0.95      6655
           2       0.94      0.95      0.95      5888
           3       0.84      0.97      0.90      5819
           4       0.96      0.93      0.94      5722
           5       0.97      0.88      0.92      5539
           6       0.95      0.97      0.96      5858
           7       0.94      0.95      0.94      6097
           8       0.94      0.90      0.92      5695
           9       0.90      0.93      0.91      5813

    accuracy                           0.94     58646
   macro avg       0.94      0.94      0.94     58646
weighted avg       0.94      0.94      0.94     58646


real	0m25,723s
user	0m55,870s
sys	0m48,541s
15000
Accuracy:  0.9374381884527504
[[5470    3    2   16    6    2   25    2   32    2]
 [   0 6093  174  118   53    5   46   69   40   57]
 [  11   13 5614  147    3    3   15   56   24    2]
 [   4    4   23 5629    2   58    2   57   22   18]
 [  12   10   19    4 5299    2  130   26   18  202]
 [   9    5    9  416    7 4898   44   15   86   50]
 [  34    9    3    4    5   43 5705    0   55    0]
 [   1   19   44  118   56    1    1 5757    7   93]
 [  41   30   38  132   36   37   52   29 5136  164]
 [  11    9   19  103  107    6    8  139   35 5376]]
              precision    recall  f1-score   support

           0       0.98      0.98      0.98      5560
           1       0.98      0.92      0.95      6655
           2       0.94      0.95      0.95      5888
           3       0.84      0.97      0.90      5819
           4       0.95      0.93      0.94      5722
           5       0.97      0.88      0.92      5539
           6       0.95      0.97      0.96      5858
           7       0.94      0.94      0.94      6097
           8       0.94      0.90      0.92      5695
           9       0.90      0.92      0.91      5813

    accuracy                           0.94     58646
   macro avg       0.94      0.94      0.94     58646
weighted avg       0.94      0.94      0.94     58646


real	0m26,789s
user	1m0,521s
sys	0m51,277s
16000
Accuracy:  0.938069092521229
[[5460    3    2   16    6    2   25    2   42    2]
 [   1 6094  171  131   57    4   43   67   44   43]
 [  12   12 5608  154    4    3   15   54   24    2]
 [   4    3   21 5635    2   54    2   58   22   18]
 [  11    9   17    3 5314    1  137   28   22  180]
 [   8    5    9  390    7 4907   41   15  101   56]
 [  31    9    3    4    4   44 5695    0   68    0]
 [   1   17   44  118   46    2    1 5779    5   84]
 [  39   30   38  127   34   34   52   28 5145  168]
 [  11    8   17  102  111    7    8  140   32 5377]]
              precision    recall  f1-score   support

           0       0.98      0.98      0.98      5560
           1       0.98      0.92      0.95      6655
           2       0.95      0.95      0.95      5888
           3       0.84      0.97      0.90      5819
           4       0.95      0.93      0.94      5722
           5       0.97      0.89      0.93      5539
           6       0.95      0.97      0.96      5858
           7       0.94      0.95      0.94      6097
           8       0.93      0.90      0.92      5695
           9       0.91      0.92      0.92      5813

    accuracy                           0.94     58646
   macro avg       0.94      0.94      0.94     58646
weighted avg       0.94      0.94      0.94     58646


real	0m28,364s
user	1m3,302s
sys	0m53,973s
17000
Accuracy:  0.9373870340688197
[[5455    3    2   14    6    2   28    2   46    2]
 [   1 6089  169  124   57    9   42   63   48   53]
 [  14   11 5587  156    3    3   16   69   27    2]
 [   4    2   20 5629    1   54    2   67   24   16]
 [  12   10   19    3 5321    0  133   29   27  168]
 [   9    4    9  397    8 4900   46   14   99   53]
 [  32    9    3    3    4   41 5699    0   67    0]
 [   1   14   37  131   44    2    1 5775    6   86]
 [  38   30   39  127   32   30   54   30 5145  170]
 [   9    8   16   91  118    9    9  131   48 5374]]
              precision    recall  f1-score   support

           0       0.98      0.98      0.98      5560
           1       0.99      0.91      0.95      6655
           2       0.95      0.95      0.95      5888
           3       0.84      0.97      0.90      5819
           4       0.95      0.93      0.94      5722
           5       0.97      0.88      0.93      5539
           6       0.95      0.97      0.96      5858
           7       0.93      0.95      0.94      6097
           8       0.93      0.90      0.92      5695
           9       0.91      0.92      0.92      5813

    accuracy                           0.94     58646
   macro avg       0.94      0.94      0.94     58646
weighted avg       0.94      0.94      0.94     58646


real	0m30,362s
user	1m6,640s
sys	0m57,770s
18000
Accuracy:  0.9368754902295127
[[5454    3    1   11    6    2   30    2   48    3]
 [   1 6052  177  122   64    8   36   76   58   61]
 [  15   13 5586  156    3    1   16   65   29    4]
 [   4    1   20 5625    1   56    2   63   25   22]
 [  13    9   23    2 5308    0  137   29   24  177]
 [   9    3    9  378    4 4915   45   12   88   76]
 [  25    9    5    2    4   44 5706    0   63    0]
 [   1   14   32  128   48    2    1 5762    5  104]
 [  38   24   37  110   33   34   58   27 5152  182]
 [   9    8   17   95  113    8   10  123   46 5384]]
              precision    recall  f1-score   support

           0       0.98      0.98      0.98      5560
           1       0.99      0.91      0.95      6655
           2       0.95      0.95      0.95      5888
           3       0.85      0.97      0.90      5819
           4       0.95      0.93      0.94      5722
           5       0.97      0.89      0.93      5539
           6       0.94      0.97      0.96      5858
           7       0.94      0.95      0.94      6097
           8       0.93      0.90      0.92      5695
           9       0.90      0.93      0.91      5813

    accuracy                           0.94     58646
   macro avg       0.94      0.94      0.94     58646
weighted avg       0.94      0.94      0.94     58646


real	0m31,887s
user	1m8,334s
sys	1m0,658s
19000
Accuracy:  0.9377621662176449
[[5459    3    1   12    6    2   28    2   44    3]
 [   1 6074  161  114   61    7   34   79   62   62]
 [  14   13 5602  149    3    1   16   58   28    4]
 [   4    1   21 5624    0   58    1   62   25   23]
 [  15    9   21    2 5300    0  135   28   23  189]
 [   9    3    9  419    3 4879   45   10   86   76]
 [  26    9    5    2    5   44 5705    0   62    0]
 [   1   17   34  124   49    2    1 5762    5  102]
 [  36   23   34  105   32   30   56   25 5183  171]
 [  10    8   15   94   91    7    7  126   47 5408]]
              precision    recall  f1-score   support

           0       0.98      0.98      0.98      5560
           1       0.99      0.91      0.95      6655
           2       0.95      0.95      0.95      5888
           3       0.85      0.97      0.90      5819
           4       0.95      0.93      0.94      5722
           5       0.97      0.88      0.92      5539
           6       0.95      0.97      0.96      5858
           7       0.94      0.95      0.94      6097
           8       0.93      0.91      0.92      5695
           9       0.90      0.93      0.91      5813

    accuracy                           0.94     58646
   macro avg       0.94      0.94      0.94     58646
weighted avg       0.94      0.94      0.94     58646


real	0m33,088s
user	1m13,636s
sys	1m4,308s
20000
Accuracy:  0.9399959076492855
[[5466    3    1   12    4    2   25    2   42    3]
 [   0 6113  157  121   55   10   32   74   38   55]
 [  14   14 5616  143    4    1   16   50   27    3]
 [   4    1   22 5628    0   62    1   54   25   22]
 [  14    7   20    1 5292   21  113   29   14  211]
 [  10    3    8  377    2 4939   38   10   81   71]
 [  26    9    5    2    4   44 5723    0   45    0]
 [   1   16   45  123   47    2    1 5762    5   95]
 [  34   22   33  114   34   29   54   25 5176  174]
 [  11    8   15   93   91   11    7  119   46 5412]]
              precision    recall  f1-score   support

           0       0.98      0.98      0.98      5560
           1       0.99      0.92      0.95      6655
           2       0.95      0.95      0.95      5888
           3       0.85      0.97      0.91      5819
           4       0.96      0.92      0.94      5722
           5       0.96      0.89      0.93      5539
           6       0.95      0.98      0.96      5858
           7       0.94      0.95      0.94      6097
           8       0.94      0.91      0.92      5695
           9       0.90      0.93      0.91      5813

    accuracy                           0.94     58646
   macro avg       0.94      0.94      0.94     58646
weighted avg       0.94      0.94      0.94     58646


real	0m34,298s
user	1m17,296s
sys	1m8,404s
